<?xml version="1.0" encoding="UTF-8"?>
<!-- Generated by org.testng.reporters.JUnitXMLReporter -->
<testsuite hostname="Pranita-PC" ignored="1" name="Default test" tests="1" failures="0" timestamp="23 Feb 2023 15:57:20 GMT" time="25.99" errors="0">
  <testcase name="testToVerifyProductGetsAddedToTheCart" time="23.374" classname="automation.ui.ErrorValidationTest"/>
  <testcase name="testToVerifyLoginWithIncorrectUserNameAndPwd" time="0.0" classname="automation.ui.ErrorValidationTest">
    <ignored/>
  </testcase> <!-- testToVerifyLoginWithIncorrectUserNameAndPwd -->
</testsuite> <!-- Default test -->
